Using pre-set license
Built from '2020.3/staging' branch; Version is '2020.3.32f1 (12f8b0834f07) revision 1243312'; Using compiler version '192528614'; Build Type 'Release'
OS: 'Windows 10  (10.0.19043) 64bit CoreSingleLanguage' Language: 'es' Physical Memory: 8048 MB
BatchMode: 1, IsHumanControllingUs: 0, StartBugReporterOnCrash: 0, Is64bit: 1, IsPro: 0

COMMAND LINE ARGUMENTS:
C:\Program Files\Unity\Hub\Editor\2020.3.32f1\Editor\Unity.exe
-adb2
-batchMode
-noUpm
-name
AssetImportWorker0
-projectPath
C:/Users/TheGa/Documents/GitHub/citybuilders
-logFile
Logs/AssetImportWorker0.log
-srvPort
57906
Successfully changed project path to: C:/Users/TheGa/Documents/GitHub/citybuilders
C:/Users/TheGa/Documents/GitHub/citybuilders
Using Asset Import Pipeline V2.
Refreshing native plugins compatible for Editor in 83.60 ms, found 3 plugins.
Preloading 0 native plugins for Editor in 0.00 ms.
Initialize engine version: 2020.3.32f1 (12f8b0834f07)
[Subsystems] Discovering subsystems at path C:/Program Files/Unity/Hub/Editor/2020.3.32f1/Editor/Data/Resources/UnitySubsystems
[Subsystems] Discovering subsystems at path C:/Users/TheGa/Documents/GitHub/citybuilders/Assets
GfxDevice: creating device client; threaded=0
Direct3D:
    Version:  Direct3D 11.0 [level 11.1]
    Renderer: Intel(R) HD Graphics 520 (ID=0x1916)
    Vendor:   
    VRAM:     4024 MB
    Driver:   25.20.100.6518
Initialize mono
Mono path[0] = 'C:/Program Files/Unity/Hub/Editor/2020.3.32f1/Editor/Data/Managed'
Mono path[1] = 'C:/Program Files/Unity/Hub/Editor/2020.3.32f1/Editor/Data/MonoBleedingEdge/lib/mono/unityjit'
Mono config path = 'C:/Program Files/Unity/Hub/Editor/2020.3.32f1/Editor/Data/MonoBleedingEdge/etc'
Using monoOptions --debugger-agent=transport=dt_socket,embedding=1,server=y,suspend=n,address=127.0.0.1:56372
Begin MonoManager ReloadAssembly
Registering precompiled unity dll's ...
Register platform support module: C:/Program Files/Unity/Hub/Editor/2020.3.32f1/Editor/Data/PlaybackEngines/WebGLSupport/UnityEditor.WebGL.Extensions.dll
Register platform support module: C:/Program Files/Unity/Hub/Editor/2020.3.32f1/Editor/Data/PlaybackEngines/WindowsStandaloneSupport/UnityEditor.WindowsStandalone.Extensions.dll
Registered in 0.006772 seconds.
Native extension for WindowsStandalone target not found
Native extension for WebGL target not found
Refreshing native plugins compatible for Editor in 75.53 ms, found 3 plugins.
Preloading 0 native plugins for Editor in 0.00 ms.
Mono: successfully reloaded assembly
- Completed reload, in  1.112 seconds
Domain Reload Profiling:
	ReloadAssembly (1113ms)
		BeginReloadAssembly (132ms)
			ExecutionOrderSort (0ms)
			DisableScriptedObjects (0ms)
			BackupInstance (0ms)
			ReleaseScriptingObjects (0ms)
			CreateAndSetChildDomain (1ms)
		EndReloadAssembly (849ms)
			LoadAssemblies (128ms)
			RebuildTransferFunctionScriptingTraits (0ms)
			SetupTypeCache (265ms)
			ReleaseScriptCaches (0ms)
			RebuildScriptCaches (57ms)
			SetupLoadedEditorAssemblies (353ms)
				LogAssemblyErrors (0ms)
				InitializePlatformSupportModulesInManaged (11ms)
				SetLoadedEditorAssemblies (1ms)
				RefreshPlugins (76ms)
				BeforeProcessingInitializeOnLoad (13ms)
				ProcessInitializeOnLoadAttributes (146ms)
				ProcessInitializeOnLoadMethodAttributes (106ms)
				AfterProcessingInitializeOnLoad (0ms)
				EditorAssembliesLoaded (0ms)
			ExecutionOrderSort2 (0ms)
			AwakeInstancesAfterBackupRestoration (0ms)
Platform modules already initialized, skipping
Registering precompiled user dll's ...
Registered in 0.007098 seconds.
Begin MonoManager ReloadAssembly
Native extension for WindowsStandalone target not found
Native extension for WebGL target not found
Refreshing native plugins compatible for Editor in 78.26 ms, found 3 plugins.
Preloading 0 native plugins for Editor in 0.00 ms.
Mono: successfully reloaded assembly
- Completed reload, in  2.324 seconds
Domain Reload Profiling:
	ReloadAssembly (2327ms)
		BeginReloadAssembly (305ms)
			ExecutionOrderSort (0ms)
			DisableScriptedObjects (9ms)
			BackupInstance (0ms)
			ReleaseScriptingObjects (0ms)
			CreateAndSetChildDomain (30ms)
		EndReloadAssembly (1887ms)
			LoadAssemblies (223ms)
			RebuildTransferFunctionScriptingTraits (0ms)
			SetupTypeCache (652ms)
			ReleaseScriptCaches (1ms)
			RebuildScriptCaches (109ms)
			SetupLoadedEditorAssemblies (698ms)
				LogAssemblyErrors (0ms)
				InitializePlatformSupportModulesInManaged (9ms)
				SetLoadedEditorAssemblies (0ms)
				RefreshPlugins (78ms)
				BeforeProcessingInitializeOnLoad (136ms)
				ProcessInitializeOnLoadAttributes (427ms)
				ProcessInitializeOnLoadMethodAttributes (31ms)
				AfterProcessingInitializeOnLoad (16ms)
				EditorAssembliesLoaded (0ms)
			ExecutionOrderSort2 (0ms)
			AwakeInstancesAfterBackupRestoration (13ms)
Platform modules already initialized, skipping
========================================================================
Worker process is ready to serve import requests
Launched and connected shader compiler UnityShaderCompiler.exe after 0.29 seconds
Refreshing native plugins compatible for Editor in 1.04 ms, found 3 plugins.
Preloading 0 native plugins for Editor in 0.00 ms.
Unloading 2204 Unused Serialized files (Serialized files now loaded: 0)
System memory in use before: 97.1 MB.
System memory in use after: 97.2 MB.

Unloading 24 unused Assets to reduce memory usage. Loaded Objects now: 2644.
Total: 4.158200 ms (FindLiveObjects: 0.182700 ms CreateObjectMapping: 0.107400 ms MarkObjects: 3.831500 ms  DeleteObjects: 0.035300 ms)

AssetImportParameters requested are different than current active one (requested -> active):
  custom:framework-win-MediaFoundation: 216162199b28c13a410421893ffa2e32 -> 
  custom:video-decoder-ogg-theora: a1e56fd34408186e4bbccfd4996cb3dc -> 
  custom:container-muxer-webm: aa71ff27fc2769a1b78a27578f13a17b -> 
  custom:container-demuxer-webm: 4f35f7cbe854078d1ac9338744f61a02 -> 
  custom:container-demuxer-ogg: 62fdf1f143b41e24485cea50d1cbac27 -> 
  custom:video-encoder-webm-vp8: eb34c28f22e8b96e1ab97ce403110664 -> 
  custom:video-decoder-webm-vp8: 9c59270c3fd7afecdb556c50c9e8de78 -> 
  custom:audio-decoder-ogg-vorbis: bf7c407c2cedff20999df2af8eb42d56 -> 
  custom:audio-encoder-webm-vorbis: bf7c407c2cedff20999df2af8eb42d56 -> 
========================================================================
Received Import Request.
  path: Assets/Scenes
  artifactKey: Guid(18461900da6ff7a4cb4964fa2d2d3dee) Importer(815301076,1909f56bfc062723c751e8b465ee728b)
Start importing Assets/Scenes using Guid(18461900da6ff7a4cb4964fa2d2d3dee) Importer(815301076,1909f56bfc062723c751e8b465ee728b)  -> (artifact id: '2ecbe4a76b481611db08e1c63821a9b3') in 0.030521 seconds 
========================================================================
Received Import Request.
  Time since last request: 30.344606 seconds.
  path: Assets/Prefab
  artifactKey: Guid(675dfbb4084942c46be21292f2df2714) Importer(815301076,1909f56bfc062723c751e8b465ee728b)
Start importing Assets/Prefab using Guid(675dfbb4084942c46be21292f2df2714) Importer(815301076,1909f56bfc062723c751e8b465ee728b)  -> (artifact id: 'eea9df78700315c0faaa5865ed7ebdec') in 0.021568 seconds 
========================================================================
Received Import Request.
  Time since last request: 0.013159 seconds.
  path: Assets/Prefab/Building.prefab
  artifactKey: Guid(fe5f9ffc92d159740ae100dc3e9c91f8) Importer(815301076,1909f56bfc062723c751e8b465ee728b)
Start importing Assets/Prefab/Building.prefab using Guid(fe5f9ffc92d159740ae100dc3e9c91f8) Importer(815301076,1909f56bfc062723c751e8b465ee728b)  -> (artifact id: '6b2f6f581e107e2b1b93b396c9a31a1a') in 0.652271 seconds 
========================================================================
Received Import Request.
  Time since last request: 4.084555 seconds.
  path: Assets/Scripts
  artifactKey: Guid(08799a81867410543af5f212e8e2ee2f) Importer(815301076,1909f56bfc062723c751e8b465ee728b)
Start importing Assets/Scripts using Guid(08799a81867410543af5f212e8e2ee2f) Importer(815301076,1909f56bfc062723c751e8b465ee728b)  -> (artifact id: '2fa7458b3d006240d4c8c9ae5acb6038') in 0.075601 seconds 
========================================================================
Received Import Request.
  Time since last request: 2.686992 seconds.
  path: Assets/Sprites
  artifactKey: Guid(8aa3a76ddf4637e49b1f599e4a5efd77) Importer(815301076,1909f56bfc062723c751e8b465ee728b)
Start importing Assets/Sprites using Guid(8aa3a76ddf4637e49b1f599e4a5efd77) Importer(815301076,1909f56bfc062723c751e8b465ee728b)  -> (artifact id: '7684c3fbb2be37edcb59ae1812345ffc') in 0.025149 seconds 
========================================================================
Received Import Request.
  Time since last request: 0.129322 seconds.
  path: Assets/Sprites/Assorted buildings.png
  artifactKey: Guid(ccc6ee2d049251d4685e7330fccbf093) Importer(815301076,1909f56bfc062723c751e8b465ee728b)
Start importing Assets/Sprites/Assorted buildings.png using Guid(ccc6ee2d049251d4685e7330fccbf093) Importer(815301076,1909f56bfc062723c751e8b465ee728b)  -> (artifact id: '38359e1f056a19c3fbf9c8f4ca6b6761') in 0.341723 seconds 
========================================================================
Received Import Request.
  Time since last request: 0.000354 seconds.
  path: Assets/Sprites/Background.png
  artifactKey: Guid(b3a686f8e5f491948bfa43d17031d70c) Importer(815301076,1909f56bfc062723c751e8b465ee728b)
Start importing Assets/Sprites/Background.png using Guid(b3a686f8e5f491948bfa43d17031d70c) Importer(815301076,1909f56bfc062723c751e8b465ee728b)  -> (artifact id: '985b92eda6f7be229e9461d1397583db') in 0.072489 seconds 
========================================================================
Received Import Request.
  Time since last request: 0.000541 seconds.
  path: Assets/Sprites/Assorted buildings2.png
  artifactKey: Guid(016c3ce425aa63246a4d1be96d0a1b44) Importer(815301076,1909f56bfc062723c751e8b465ee728b)
Start importing Assets/Sprites/Assorted buildings2.png using Guid(016c3ce425aa63246a4d1be96d0a1b44) Importer(815301076,1909f56bfc062723c751e8b465ee728b)  -> (artifact id: '3dd8d39a8e23c1cea1799b761c6caf40') in 0.079570 seconds 
========================================================================
Received Import Request.
  Time since last request: 0.000244 seconds.
  path: Assets/Sprites/Indicador2.png
  artifactKey: Guid(d1a376893927fe24f9ff5f34c08e7d39) Importer(815301076,1909f56bfc062723c751e8b465ee728b)
Start importing Assets/Sprites/Indicador2.png using Guid(d1a376893927fe24f9ff5f34c08e7d39) Importer(815301076,1909f56bfc062723c751e8b465ee728b)  -> (artifact id: '0e866c9e0c14df36e5b902fe25146a3a') in 0.075323 seconds 
========================================================================
Received Import Request.
  Time since last request: 0.000314 seconds.
  path: Assets/Sprites/Edificio.png
  artifactKey: Guid(cd65c41057fd30145ba8e046dc06a4d5) Importer(815301076,1909f56bfc062723c751e8b465ee728b)
Start importing Assets/Sprites/Edificio.png using Guid(cd65c41057fd30145ba8e046dc06a4d5) Importer(815301076,1909f56bfc062723c751e8b465ee728b)  -> (artifact id: '884e8fa48fafc5802a89b939175040d4') in 0.061340 seconds 
========================================================================
Received Import Request.
  Time since last request: 0.000322 seconds.
  path: Assets/Sprites/Indicador.png
  artifactKey: Guid(2678247ccf855fc478c79a41ac1ed0e7) Importer(815301076,1909f56bfc062723c751e8b465ee728b)
Start importing Assets/Sprites/Indicador.png using Guid(2678247ccf855fc478c79a41ac1ed0e7) Importer(815301076,1909f56bfc062723c751e8b465ee728b)  -> (artifact id: 'b7b342d3eaa11ba59f7dd463b8959763') in 0.056736 seconds 
========================================================================
Received Import Request.
  Time since last request: 0.000380 seconds.
  path: Assets/Sprites/Moneda.png
  artifactKey: Guid(fa8fc752f364e4c4a9298cba8f81775a) Importer(815301076,1909f56bfc062723c751e8b465ee728b)
Start importing Assets/Sprites/Moneda.png using Guid(fa8fc752f364e4c4a9298cba8f81775a) Importer(815301076,1909f56bfc062723c751e8b465ee728b)  -> (artifact id: '9f98c8c3b391919825e214e34a452df7') in 0.073676 seconds 
========================================================================
Received Import Request.
  Time since last request: 21.231726 seconds.
  path: Assets/NewBehaviourScript.cs
  artifactKey: Guid(f0d56426bd8b2c140aad0d66c8cb72b9) Importer(815301076,1909f56bfc062723c751e8b465ee728b)
Start importing Assets/NewBehaviourScript.cs using Guid(f0d56426bd8b2c140aad0d66c8cb72b9) Importer(815301076,1909f56bfc062723c751e8b465ee728b)  -> (artifact id: '6e33f0f446d424322f8779fa9e63fdcb') in 0.206992 seconds 
========================================================================
Received Prepare
Registering precompiled user dll's ...
Registered in 0.020773 seconds.
Begin MonoManager ReloadAssembly
Native extension for WindowsStandalone target not found
Native extension for WebGL target not found
Refreshing native plugins compatible for Editor in 0.56 ms, found 3 plugins.
Preloading 0 native plugins for Editor in 0.00 ms.
Mono: successfully reloaded assembly
- Completed reload, in  1.844 seconds
Domain Reload Profiling:
	ReloadAssembly (1844ms)
		BeginReloadAssembly (241ms)
			ExecutionOrderSort (0ms)
			DisableScriptedObjects (18ms)
			BackupInstance (0ms)
			ReleaseScriptingObjects (0ms)
			CreateAndSetChildDomain (61ms)
		EndReloadAssembly (1488ms)
			LoadAssemblies (195ms)
			RebuildTransferFunctionScriptingTraits (0ms)
			SetupTypeCache (530ms)
			ReleaseScriptCaches (1ms)
			RebuildScriptCaches (80ms)
			SetupLoadedEditorAssemblies (505ms)
				LogAssemblyErrors (0ms)
				InitializePlatformSupportModulesInManaged (8ms)
				SetLoadedEditorAssemblies (1ms)
				RefreshPlugins (1ms)
				BeforeProcessingInitializeOnLoad (116ms)
				ProcessInitializeOnLoadAttributes (346ms)
				ProcessInitializeOnLoadMethodAttributes (20ms)
				AfterProcessingInitializeOnLoad (12ms)
				EditorAssembliesLoaded (0ms)
			ExecutionOrderSort2 (0ms)
			AwakeInstancesAfterBackupRestoration (17ms)
Platform modules already initialized, skipping
Refreshing native plugins compatible for Editor in 0.56 ms, found 3 plugins.
Preloading 0 native plugins for Editor in 0.00 ms.
Unloading 2193 Unused Serialized files (Serialized files now loaded: 0)
System memory in use before: 99.5 MB.
System memory in use after: 99.6 MB.

Unloading 14 unused Assets to reduce memory usage. Loaded Objects now: 2671.
Total: 5.252900 ms (FindLiveObjects: 0.262600 ms CreateObjectMapping: 0.137700 ms MarkObjects: 4.808500 ms  DeleteObjects: 0.042700 ms)

AssetImportParameters requested are different than current active one (requested -> active):
  custom:framework-win-MediaFoundation: 216162199b28c13a410421893ffa2e32 -> 
  custom:video-decoder-ogg-theora: a1e56fd34408186e4bbccfd4996cb3dc -> 
  custom:container-muxer-webm: aa71ff27fc2769a1b78a27578f13a17b -> 
  custom:container-demuxer-webm: 4f35f7cbe854078d1ac9338744f61a02 -> 
  custom:container-demuxer-ogg: 62fdf1f143b41e24485cea50d1cbac27 -> 
  custom:video-encoder-webm-vp8: eb34c28f22e8b96e1ab97ce403110664 -> 
  custom:video-decoder-webm-vp8: 9c59270c3fd7afecdb556c50c9e8de78 -> 
  custom:audio-decoder-ogg-vorbis: bf7c407c2cedff20999df2af8eb42d56 -> 
  custom:audio-encoder-webm-vorbis: bf7c407c2cedff20999df2af8eb42d56 -> 
========================================================================
Received Import Request.
  Time since last request: 23.525128 seconds.
  path: Assets/Fonts
  artifactKey: Guid(59c9edd4c87d570428018f051684c379) Importer(815301076,1909f56bfc062723c751e8b465ee728b)
Start importing Assets/Fonts using Guid(59c9edd4c87d570428018f051684c379) Importer(815301076,1909f56bfc062723c751e8b465ee728b)  -> (artifact id: '66feef7cfcf2e60d72ba19b4e4684379') in 0.016655 seconds 
========================================================================
Received Import Request.
  Time since last request: 304.300746 seconds.
  path: Assets/Fonts/TitilliumWeb-Black.ttf
  artifactKey: Guid(7da4f5aafeeb04c4680c321685ae3663) Importer(815301076,1909f56bfc062723c751e8b465ee728b)
Start importing Assets/Fonts/TitilliumWeb-Black.ttf using Guid(7da4f5aafeeb04c4680c321685ae3663) Importer(815301076,1909f56bfc062723c751e8b465ee728b)  -> (artifact id: '24598e0d73e6c0edb874de78c8e94992') in 0.636535 seconds 
========================================================================
Received Import Request.
  Time since last request: 6.099612 seconds.
  path: Assets/Fonts/TitilliumWeb-Light.ttf
  artifactKey: Guid(c750948f715ab0d4cb5f6abf7373bd11) Importer(815301076,1909f56bfc062723c751e8b465ee728b)
Start importing Assets/Fonts/TitilliumWeb-Light.ttf using Guid(c750948f715ab0d4cb5f6abf7373bd11) Importer(815301076,1909f56bfc062723c751e8b465ee728b)  -> (artifact id: '5ff8d8292c8da485fa2bb6b98ccaf5f7') in 0.277325 seconds 
========================================================================
Received Import Request.
  Time since last request: 139.247917 seconds.
  path: Assets/Sprites/Assorted buildings.png
  artifactKey: Guid(ccc6ee2d049251d4685e7330fccbf093) Importer(815301076,1909f56bfc062723c751e8b465ee728b)
Start importing Assets/Sprites/Assorted buildings.png using Guid(ccc6ee2d049251d4685e7330fccbf093) Importer(815301076,1909f56bfc062723c751e8b465ee728b)  -> (artifact id: '9bc1d308070d897f8fb52cf321f9019a') in 0.065159 seconds 
========================================================================
Received Import Request.
  Time since last request: 53.026407 seconds.
  path: Assets/Sprites/Assorted buildings.png
  artifactKey: Guid(ccc6ee2d049251d4685e7330fccbf093) Importer(815301076,1909f56bfc062723c751e8b465ee728b)
Start importing Assets/Sprites/Assorted buildings.png using Guid(ccc6ee2d049251d4685e7330fccbf093) Importer(815301076,1909f56bfc062723c751e8b465ee728b)  -> (artifact id: 'ff3305b5fafd736641354aab931ae82a') in 0.337759 seconds 
========================================================================
Received Import Request.
  Time since last request: 56.264915 seconds.
  path: Assets/Sprites/Assorted buildings.png
  artifactKey: Guid(ccc6ee2d049251d4685e7330fccbf093) Importer(815301076,1909f56bfc062723c751e8b465ee728b)
Start importing Assets/Sprites/Assorted buildings.png using Guid(ccc6ee2d049251d4685e7330fccbf093) Importer(815301076,1909f56bfc062723c751e8b465ee728b)  -> (artifact id: 'd95db9169ddf10888f1ef3a7cb764f15') in 0.281398 seconds 
========================================================================
Received Import Request.
  Time since last request: 9.182127 seconds.
  path: Assets/Sprites/Assorted buildings.png
  artifactKey: Guid(ccc6ee2d049251d4685e7330fccbf093) Importer(815301076,1909f56bfc062723c751e8b465ee728b)
Start importing Assets/Sprites/Assorted buildings.png using Guid(ccc6ee2d049251d4685e7330fccbf093) Importer(815301076,1909f56bfc062723c751e8b465ee728b)  -> (artifact id: '4e0ea2c3599db61d790ebe79a5bf1b4f') in 0.502464 seconds 
========================================================================
Received Import Request.
  Time since last request: 13.351206 seconds.
  path: Assets/Sprites/Assorted buildings.png
  artifactKey: Guid(ccc6ee2d049251d4685e7330fccbf093) Importer(815301076,1909f56bfc062723c751e8b465ee728b)
Start importing Assets/Sprites/Assorted buildings.png using Guid(ccc6ee2d049251d4685e7330fccbf093) Importer(815301076,1909f56bfc062723c751e8b465ee728b)  -> (artifact id: 'ab5e0558e8d85705f4fee60cf0b2281b') in 0.279184 seconds 
========================================================================
Received Import Request.
  Time since last request: 51.115919 seconds.
  path: Assets/Sprites/imagen-removebg-preview.png
  artifactKey: Guid(0e30416975ba4854687523b712b91fc3) Importer(815301076,1909f56bfc062723c751e8b465ee728b)
Start importing Assets/Sprites/imagen-removebg-preview.png using Guid(0e30416975ba4854687523b712b91fc3) Importer(815301076,1909f56bfc062723c751e8b465ee728b)  -> (artifact id: 'ba99e9506af86833fe28f102293f9847') in 0.079176 seconds 
========================================================================
Received Import Request.
  Time since last request: 104.605065 seconds.
  path: Assets/Sprites/imagen-removebg-preview(1).png
  artifactKey: Guid(a2115d7f101d0bf429d1f3d8fb2194ca) Importer(815301076,1909f56bfc062723c751e8b465ee728b)
Start importing Assets/Sprites/imagen-removebg-preview(1).png using Guid(a2115d7f101d0bf429d1f3d8fb2194ca) Importer(815301076,1909f56bfc062723c751e8b465ee728b)  -> (artifact id: 'eee837018c942cf8867f5bda3dd65877') in 0.100244 seconds 
========================================================================
Received Import Request.
  Time since last request: 135.834946 seconds.
  path: Assets/Sprites/imagen-removebg-preview(2).png
  artifactKey: Guid(0e573ac16d8ed614e8c10437d59b1fda) Importer(815301076,1909f56bfc062723c751e8b465ee728b)
Start importing Assets/Sprites/imagen-removebg-preview(2).png using Guid(0e573ac16d8ed614e8c10437d59b1fda) Importer(815301076,1909f56bfc062723c751e8b465ee728b)  -> (artifact id: '7d43b6a9b860f11e6178986fe2875bfa') in 0.051958 seconds 
========================================================================
Received Import Request.
  Time since last request: 10.110500 seconds.
  path: Assets/Sprites/Logo.png
  artifactKey: Guid(0e573ac16d8ed614e8c10437d59b1fda) Importer(815301076,1909f56bfc062723c751e8b465ee728b)
Start importing Assets/Sprites/Logo.png using Guid(0e573ac16d8ed614e8c10437d59b1fda) Importer(815301076,1909f56bfc062723c751e8b465ee728b)  -> (artifact id: '6774222ec56380707ecbb82c4b971294') in 0.051249 seconds 
AssetImportWorkerClient::OnTransportError - code=2 error=End of file
